0 info it worked if it ends with ok
1 verbose cli [ '/usr/local/bin/node', '/usr/local/bin/npm', 'run', 'build' ]
2 info using npm@3.8.3
3 info using node@v5.10.1
4 verbose run-script [ 'prebuild', 'build', 'postbuild' ]
5 info lifecycle website@1.0.0~prebuild: website@1.0.0
6 silly lifecycle website@1.0.0~prebuild: no script for prebuild, continuing
7 info lifecycle website@1.0.0~build: website@1.0.0
8 verbose lifecycle website@1.0.0~build: unsafe-perm in lifecycle true
9 verbose lifecycle website@1.0.0~build: PATH: /usr/local/lib/node_modules/npm/bin/node-gyp-bin:/home/max/projects/task/node_modules/.bin:/usr/local/bin:/usr/local/sbin:/usr/local/bin:/usr/sbin:/usr/bin:/sbin:/bin
10 verbose lifecycle website@1.0.0~build: CWD: /home/max/projects/task
11 silly lifecycle website@1.0.0~build: Args: [ '-c', 'node node_modules/gulp/bin/gulp start' ]
12 silly lifecycle website@1.0.0~build: Returned: code: 1  signal: null
13 info lifecycle website@1.0.0~build: Failed to exec build script
14 verbose stack Error: website@1.0.0 build: `node node_modules/gulp/bin/gulp start`
14 verbose stack Exit status 1
14 verbose stack     at EventEmitter.<anonymous> (/usr/local/lib/node_modules/npm/lib/utils/lifecycle.js:239:16)
14 verbose stack     at emitTwo (events.js:100:13)
14 verbose stack     at EventEmitter.emit (events.js:185:7)
14 verbose stack     at ChildProcess.<anonymous> (/usr/local/lib/node_modules/npm/lib/utils/spawn.js:24:14)
14 verbose stack     at emitTwo (events.js:100:13)
14 verbose stack     at ChildProcess.emit (events.js:185:7)
14 verbose stack     at maybeClose (internal/child_process.js:850:16)
14 verbose stack     at Process.ChildProcess._handle.onexit (internal/child_process.js:215:5)
15 verbose pkgid website@1.0.0
16 verbose cwd /home/max/projects/task
17 error Linux 3.16.0-70-generic
18 error argv "/usr/local/bin/node" "/usr/local/bin/npm" "run" "build"
19 error node v5.10.1
20 error npm  v3.8.3
21 error code ELIFECYCLE
22 error website@1.0.0 build: `node node_modules/gulp/bin/gulp start`
22 error Exit status 1
23 error Failed at the website@1.0.0 build script 'node node_modules/gulp/bin/gulp start'.
23 error Make sure you have the latest version of node.js and npm installed.
23 error If you do, this is most likely a problem with the website package,
23 error not with npm itself.
23 error Tell the author that this fails on your system:
23 error     node node_modules/gulp/bin/gulp start
23 error You can get information on how to open an issue for this project with:
23 error     npm bugs website
23 error Or if that isn't available, you can get their info via:
23 error     npm owner ls website
23 error There is likely additional logging output above.
24 verbose exit [ 1, true ]
